# JRE version: Java(TM) SE Runtime Environment (8.0-b132) (build 1.8.0-b132)
# Java VM: Java HotSpot(TM) 64-Bit Server VM (25.0-b70 mixed mode bsd-amd64 compressed oops)
Heap:
 PSYoungGen      total 9216K, used 7928K [0x000000076ab00000, 0x000000076ba00000, 0x00000007c0000000)
  eden space 8192K, 93% used [0x000000076ab00000,0x000000076b2762c0,0x000000076b300000)
  from space 1024K, 28% used [0x000000076b400000,0x000000076b448000,0x000000076b500000)
  to   space 1024K, 0% used [0x000000076b300000,0x000000076b300000,0x000000076b400000)
 ParOldGen       total 260608K, used 1100K [0x00000006c0000000, 0x00000006cfe80000, 0x000000076ab00000)
  object space 260608K, 0% used [0x00000006c0000000,0x00000006c0113068,0x00000006cfe80000)
 Metaspace       used 5740K, capacity 6332K, committed 6528K, reserved 1056768K
  class space    used 740K, capacity 791K, committed 896K, reserved 1048576K
GC Heap History (10 events):
Event: 0.286 GC heap before
{Heap before GC invocations=7 (full 0):
 PSYoungGen      total 5120K, used 4816K [0x000000076ab00000, 0x000000076b100000, 0x00000007c0000000)
  eden space 4096K, 100% used [0x000000076ab00000,0x000000076af00000,0x000000076af00000)
  from space 1024K, 70% used [0x000000076b000000,0x000000076b0b4010,0x000000076b100000)
  to   space 1024K, 0% used [0x000000076af00000,0x000000076af00000,0x000000076b000000)
 ParOldGen       total 260608K, used 527K [0x00000006c0000000, 0x00000006cfe80000, 0x000000076ab00000)
  object space 260608K, 0% used [0x00000006c0000000,0x00000006c0083dd0,0x00000006cfe80000)
 Metaspace       used 4875K, capacity 5594K, committed 5760K, reserved 1056768K
  class space    used 612K, capacity 629K, committed 640K, reserved 1048576K
Event: 0.288 GC heap after
Heap after GC invocations=7 (full 0):
 PSYoungGen      total 5120K, used 864K [0x000000076ab00000, 0x000000076b500000, 0x00000007c0000000)
  eden space 4096K, 0% used [0x000000076ab00000,0x000000076ab00000,0x000000076af00000)
  from space 1024K, 84% used [0x000000076af00000,0x000000076afd8000,0x000000076b000000)
  to   space 1024K, 0% used [0x000000076b400000,0x000000076b400000,0x000000076b500000)
 ParOldGen       total 260608K, used 891K [0x00000006c0000000, 0x00000006cfe80000, 0x000000076ab00000)
  object space 260608K, 0% used [0x00000006c0000000,0x00000006c00dee30,0x00000006cfe80000)
 Metaspace       used 4875K, capacity 5594K, committed 5760K, reserved 1056768K
  class space    used 612K, capacity 629K, committed 640K, reserved 1048576K
}
Event: 0.365 GC heap before
{Heap before GC invocations=8 (full 0):
 PSYoungGen      total 5120K, used 4960K [0x000000076ab00000, 0x000000076b500000, 0x00000007c0000000)
  eden space 4096K, 100% used [0x000000076ab00000,0x000000076af00000,0x000000076af00000)
  from space 1024K, 84% used [0x000000076af00000,0x000000076afd8000,0x000000076b000000)
  to   space 1024K, 0% used [0x000000076b400000,0x000000076b400000,0x000000076b500000)
 ParOldGen       total 260608K, used 891K [0x00000006c0000000, 0x00000006cfe80000, 0x000000076ab00000)
  object space 260608K, 0% used [0x00000006c0000000,0x00000006c00dee30,0x00000006cfe80000)
 Metaspace       used 5362K, capacity 6074K, committed 6144K, reserved 1056768K
  class space    used 693K, capacity 725K, committed 768K, reserved 1048576K
Event: 0.366 GC heap after
Heap after GC invocations=8 (full 0):
 PSYoungGen      total 9216K, used 736K [0x000000076ab00000, 0x000000076b500000, 0x00000007c0000000)
  eden space 8192K, 0% used [0x000000076ab00000,0x000000076ab00000,0x000000076b300000)
  from space 1024K, 71% used [0x000000076b400000,0x000000076b4b8020,0x000000076b500000)
  to   space 1024K, 0% used [0x000000076b300000,0x000000076b300000,0x000000076b400000)
 ParOldGen       total 260608K, used 1011K [0x00000006c0000000, 0x00000006cfe80000, 0x000000076ab00000)
  object space 260608K, 0% used [0x00000006c0000000,0x00000006c00fce30,0x00000006cfe80000)
 Metaspace       used 5362K, capacity 6074K, committed 6144K, reserved 1056768K
  class space    used 693K, capacity 725K, committed 768K, reserved 1048576K
}
Event: 0.378 GC heap before
{Heap before GC invocations=9 (full 0):
 PSYoungGen      total 9216K, used 1211K [0x000000076ab00000, 0x000000076b500000, 0x00000007c0000000)
  eden space 8192K, 5% used [0x000000076ab00000,0x000000076ab76f90,0x000000076b300000)
  from space 1024K, 71% used [0x000000076b400000,0x000000076b4b8020,0x000000076b500000)
  to   space 1024K, 0% used [0x000000076b300000,0x000000076b300000,0x000000076b400000)
 ParOldGen       total 260608K, used 1011K [0x00000006c0000000, 0x00000006cfe80000, 0x000000076ab00000)
  object space 260608K, 0% used [0x00000006c0000000,0x00000006c00fce30,0x00000006cfe80000)
 Metaspace       used 5406K, capacity 6074K, committed 6144K, reserved 1056768K
  class space    used 702K, capacity 725K, committed 768K, reserved 1048576K
Event: 0.379 GC heap after
Heap after GC invocations=9 (full 0):
 PSYoungGen      total 9216K, used 576K [0x000000076ab00000, 0x000000076b500000, 0x00000007c0000000)
  eden space 8192K, 0% used [0x000000076ab00000,0x000000076ab00000,0x000000076b300000)
  from space 1024K, 56% used [0x000000076b300000,0x000000076b390000,0x000000076b400000)
  to   space 1024K, 0% used [0x000000076b400000,0x000000076b400000,0x000000076b500000)
 ParOldGen       total 260608K, used 1187K [0x00000006c0000000, 0x00000006cfe80000, 0x000000076ab00000)
  object space 260608K, 0% used [0x00000006c0000000,0x00000006c0128e30,0x00000006cfe80000)
 Metaspace       used 5406K, capacity 6074K, committed 6144K, reserved 1056768K
  class space    used 702K, capacity 725K, committed 768K, reserved 1048576K
}
Event: 0.379 GC heap before
{Heap before GC invocations=10 (full 1):
 PSYoungGen      total 9216K, used 576K [0x000000076ab00000, 0x000000076b500000, 0x00000007c0000000)
  eden space 8192K, 0% used [0x000000076ab00000,0x000000076ab00000,0x000000076b300000)
  from space 1024K, 56% used [0x000000076b300000,0x000000076b390000,0x000000076b400000)
  to   space 1024K, 0% used [0x000000076b400000,0x000000076b400000,0x000000076b500000)
 ParOldGen       total 260608K, used 1187K [0x00000006c0000000, 0x00000006cfe80000, 0x000000076ab00000)
  object space 260608K, 0% used [0x00000006c0000000,0x00000006c0128e30,0x00000006cfe80000)
 Metaspace       used 5406K, capacity 6074K, committed 6144K, reserved 1056768K
  class space    used 702K, capacity 725K, committed 768K, reserved 1048576K
Event: 0.390 GC heap after
Heap after GC invocations=10 (full 1):
 PSYoungGen      total 9216K, used 0K [0x000000076ab00000, 0x000000076b500000, 0x00000007c0000000)
  eden space 8192K, 0% used [0x000000076ab00000,0x000000076ab00000,0x000000076b300000)
  from space 1024K, 0% used [0x000000076b300000,0x000000076b300000,0x000000076b400000)
  to   space 1024K, 0% used [0x000000076b400000,0x000000076b400000,0x000000076b500000)
 ParOldGen       total 260608K, used 1092K [0x00000006c0000000, 0x00000006cfe80000, 0x000000076ab00000)
  object space 260608K, 0% used [0x00000006c0000000,0x00000006c0111068,0x00000006cfe80000)
 Metaspace       used 5406K, capacity 6074K, committed 6144K, reserved 1056768K
  class space    used 702K, capacity 725K, committed 768K, reserved 1048576K
}
Event: 0.456 GC heap before
{Heap before GC invocations=11 (full 1):
 PSYoungGen      total 9216K, used 8192K [0x000000076ab00000, 0x000000076b500000, 0x00000007c0000000)
  eden space 8192K, 100% used [0x000000076ab00000,0x000000076b300000,0x000000076b300000)
  from space 1024K, 0% used [0x000000076b300000,0x000000076b300000,0x000000076b400000)
  to   space 1024K, 0% used [0x000000076b400000,0x000000076b400000,0x000000076b500000)
 ParOldGen       total 260608K, used 1092K [0x00000006c0000000, 0x00000006cfe80000, 0x000000076ab00000)
  object space 260608K, 0% used [0x00000006c0000000,0x00000006c0111068,0x00000006cfe80000)
 Metaspace       used 5697K, capacity 6268K, committed 6528K, reserved 1056768K
  class space    used 733K, capacity 791K, committed 896K, reserved 1048576K
Event: 0.457 GC heap after
Heap after GC invocations=11 (full 1):
 PSYoungGen      total 9216K, used 288K [0x000000076ab00000, 0x000000076ba00000, 0x00000007c0000000)
  eden space 8192K, 0% used [0x000000076ab00000,0x000000076ab00000,0x000000076b300000)
  from space 1024K, 28% used [0x000000076b400000,0x000000076b448000,0x000000076b500000)
  to   space 1024K, 0% used [0x000000076b300000,0x000000076b300000,0x000000076b400000)
 ParOldGen       total 260608K, used 1100K [0x00000006c0000000, 0x00000006cfe80000, 0x000000076ab00000)
  object space 260608K, 0% used [0x00000006c0000000,0x00000006c0113068,0x00000006cfe80000)
 Metaspace       used 5697K, capacity 6268K, committed 6528K, reserved 1056768K
  class space    used 733K, capacity 791K, committed 896K, reserved 1048576K
}

